EXP: [1	1],1
70.09	57.82	69.85
304.26	507.59	303.29
EXP: [1	1],2
70.09	57.82	68.15
1046.12	3987.18	906.37
EXP: [1	1],3
70.09	57.82	68.11
848.49	2382.23	561.49
EXP: [1	1],4
70.09	57.82	70.33
2793.71	2940.68	2588.82
EXP: [1	1],5
70.09	57.82	70.07
3323.05	3497.87	3195.90
EXP: [1	2],1
72.30	62.38	71.46
734.87	4105.57	677.28
EXP: [1	2],2
72.30	62.38	72.64
10489.44	4270.07	4236.44
EXP: [1	2],3
72.30	62.38	72.13
1159.95	1183.62	1152.06
EXP: [1	2],4
72.30	62.38	72.37
1139.18	1107.66	960.25
EXP: [1	2],5
72.30	62.38	72.04
1057.90	5910.27	1007.69
EXP: [1	3],1
73.03	64.67	73.10
1341.27	1354.82	1340.44
EXP: [1	3],2
73.03	64.67	73.06
269.00	1141.74	267.27
EXP: [1	3],3
73.03	64.67	73.19
671.58	664.23	545.44
EXP: [1	3],4
73.03	64.67	73.06
9093.46	9185.31	8884.66
EXP: [1	3],5
73.03	64.67	72.85
4745.93	34084.77	4654.80
EXP: [1	4],1
73.40	66.38	73.32
859.93	652.33	639.78
EXP: [1	4],2
73.40	66.38	73.36
1707.17	1085.96	1082.17
EXP: [1	4],3
73.40	66.38	73.43
728.29	731.94	723.04
EXP: [1	4],4
73.40	66.38	73.41
581.62	611.95	574.89
EXP: [1	4],5
73.40	66.38	73.44
3066.58	1301.25	1103.77
EXP: [2	1],1
91.28	80.83	91.21
1000.37	1035.35	670.81
EXP: [2	1],2
91.28	80.83	91.31
8529.72	14659.11	7325.81
EXP: [2	1],3
91.28	80.83	91.32
1503.29	1702.33	592.69
EXP: [2	1],4
91.28	80.83	91.13
3110.46	3141.87	3039.03
EXP: [2	1],5
91.28	80.83	91.34
982.41	1189.31	819.52
EXP: [2	2],1
82.16	72.75	82.03
881.18	3704.85	509.27
EXP: [2	2],2
82.16	72.75	82.04
5128.15	36828.29	5043.59
EXP: [2	2],3
82.16	72.75	82.07
712.87	1477.31	379.07
EXP: [2	2],4
82.16	72.75	81.80
1080.96	2298.90	338.26
EXP: [2	2],5
82.16	72.75	82.05
551.06	828.81	541.78
EXP: [2	3],1
73.03	64.67	73.02
533.13	1057.67	260.20
EXP: [2	3],2
73.03	64.67	73.12
415.29	683.50	191.13
EXP: [2	3],3
73.03	64.67	72.80
1503.99	2534.39	588.55
EXP: [2	3],4
73.03	64.67	73.06
844.05	862.87	393.52
EXP: [2	3],5
73.03	64.67	72.92
557.05	2715.31	371.86
EXP: [2	4],1
54.78	48.51	54.74
1178.20	4205.74	577.94
EXP: [2	4],2
54.78	48.51	54.87
517.48	1500.11	509.25
EXP: [2	4],3
54.78	48.51	54.79
1019.10	1573.20	1002.88
EXP: [2	4],4
54.78	48.51	54.73
729.37	758.83	726.46
EXP: [2	4],5
54.78	48.51	54.79
1226.12	977.30	969.60
EXP: [3	1],1
73.03	73.02	73.04
360.05	1660.43	360.05
EXP: [3	1],2
73.03	73.02	73.03
578.16	1431.61	578.16
EXP: [3	1],3
73.03	73.02	73.03
431.36	2283.23	431.36
EXP: [3	1],4
73.03	73.02	73.03
777.86	785.71	777.86
EXP: [3	1],5
73.03	73.02	73.04
397.65	2513.10	397.65
EXP: [3	2],1
73.03	69.78	73.08
1713.43	1730.73	1707.14
EXP: [3	2],2
73.03	69.78	73.03
681.06	1037.28	615.13
EXP: [3	2],3
73.03	69.78	73.06
1474.41	1019.82	1013.03
EXP: [3	2],4
73.03	69.78	72.90
338.00	1842.37	315.23
EXP: [3	2],5
73.03	69.78	72.97
969.62	829.40	538.95
EXP: [3	3],1
73.03	64.67	72.84
348.86	551.87	226.23
EXP: [3	3],2
73.03	64.67	73.18
902.10	780.52	774.84
EXP: [3	3],3
73.03	64.67	72.90
1369.46	743.38	519.24
EXP: [3	3],4
73.03	64.67	72.98
544.98	1448.22	325.90
EXP: [3	3],5
73.03	64.67	72.96
4432.08	4476.86	4361.55
EXP: [3	4],1
73.03	59.52	72.93
7413.75	7488.63	7223.16
EXP: [3	4],2
73.03	59.52	72.69
905.77	914.91	899.11
EXP: [3	4],3
73.03	59.52	73.12
2764.06	1315.36	581.01
EXP: [3	4],4
73.03	59.52	73.14
2147.89	520.87	423.58
EXP: [3	4],5
73.03	59.52	73.10
919.79	929.08	884.32
join is done